-Xajruntimetarget:1.5
-1.8
-encoding
UTF-8
-outxml
-source
1.8
-target
1.8
-classpath
C:\Users\lenovo\.m2\repository\org\aspectj\aspectjrt\1.8.9\aspectjrt-1.8.9.jar;C:\Users\lenovo\.m2\repository\org\aspectj\aspectjweaver\1.8.9\aspectjweaver-1.8.9.jar;C:\Users\lenovo\.m2\repository\org\springframework\spring-core\4.2.8.RELEASE\spring-core-4.2.8.RELEASE.jar;C:\Users\lenovo\.m2\repository\org\springframework\spring-orm\4.2.8.RELEASE\spring-orm-4.2.8.RELEASE.jar;C:\Users\lenovo\.m2\repository\org\springframework\spring-context\4.2.8.RELEASE\spring-context-4.2.8.RELEASE.jar;C:\Users\lenovo\.m2\repository\org\springframework\spring-beans\4.2.8.RELEASE\spring-beans-4.2.8.RELEASE.jar;C:\Users\lenovo\.m2\repository\org\springframework\spring-context-support\4.2.8.RELEASE\spring-context-support-4.2.8.RELEASE.jar;C:\Users\lenovo\.m2\repository\org\springframework\spring-aop\4.2.8.RELEASE\spring-aop-4.2.8.RELEASE.jar;C:\Users\lenovo\.m2\repository\org\springframework\spring-aspects\4.2.8.RELEASE\spring-aspects-4.2.8.RELEASE.jar;C:\Users\lenovo\.m2\repository\org\springframework\spring-tx\4.2.8.RELEASE\spring-tx-4.2.8.RELEASE.jar;C:\Users\lenovo\.m2\repository\org\springframework\spring-web\4.2.8.RELEASE\spring-web-4.2.8.RELEASE.jar;C:\Users\lenovo\.m2\repository\org\springframework\spring-webmvc\4.2.8.RELEASE\spring-webmvc-4.2.8.RELEASE.jar;C:\Users\lenovo\.m2\repository\org\springframework\spring-websocket\4.2.8.RELEASE\spring-websocket-4.2.8.RELEASE.jar;C:\Users\lenovo\.m2\repository\org\springframework\security\spring-security-core\4.0.4.RELEASE\spring-security-core-4.0.4.RELEASE.jar;C:\Users\lenovo\.m2\repository\org\springframework\security\spring-security-config\4.0.4.RELEASE\spring-security-config-4.0.4.RELEASE.jar;C:\Users\lenovo\.m2\repository\org\springframework\security\spring-security-web\4.0.4.RELEASE\spring-security-web-4.0.4.RELEASE.jar;C:\Users\lenovo\.m2\repository\org\springframework\data\spring-data-commons\1.11.5.RELEASE\spring-data-commons-1.11.5.RELEASE.jar;C:\Users\lenovo\.m2\repository\org\springframework\data\spring-data-jpa\1.9.5.RELEASE\spring-data-jpa-1.9.5.RELEASE.jar;C:\Users\lenovo\.m2\repository\javax\servlet\javax.servlet-api\3.1.0\javax.servlet-api-3.1.0.jar;C:\Users\lenovo\.m2\repository\javax\transaction\javax.transaction-api\1.2\javax.transaction-api-1.2.jar;C:\Users\lenovo\.m2\repository\javax\el\javax.el-api\3.0.1-b04\javax.el-api-3.0.1-b04.jar;C:\Users\lenovo\.m2\repository\org\glassfish\javax.el\3.0.1-b08\javax.el-3.0.1-b08.jar;C:\Users\lenovo\.m2\repository\org\hibernate\javax\persistence\hibernate-jpa-2.1-api\1.0.0.Final\hibernate-jpa-2.1-api-1.0.0.Final.jar;C:\Users\lenovo\.m2\repository\org\hibernate\hibernate-core\4.3.11.Final\hibernate-core-4.3.11.Final.jar;C:\Users\lenovo\.m2\repository\org\hibernate\hibernate-entitymanager\4.3.11.Final\hibernate-entitymanager-4.3.11.Final.jar;C:\Users\lenovo\.m2\repository\org\hibernate\hibernate-validator\5.2.4.Final\hibernate-validator-5.2.4.Final.jar;C:\Users\lenovo\.m2\repository\javax\validation\validation-api\1.1.0.Final\validation-api-1.1.0.Final.jar;C:\Users\lenovo\.m2\repository\javax\inject\javax.inject\1\javax.inject-1.jar;C:\Users\lenovo\.m2\repository\javax\annotation\jsr250-api\1.0\jsr250-api-1.0.jar;C:\Users\lenovo\.m2\repository\javax\mail\javax.mail-api\1.5.5\javax.mail-api-1.5.5.jar;C:\Users\lenovo\.m2\repository\javax\activation\activation\1.1.1\activation-1.1.1.jar;C:\Users\lenovo\.m2\repository\com\fasterxml\jackson\core\jackson-core\2.7.2\jackson-core-2.7.2.jar;C:\Users\lenovo\.m2\repository\com\fasterxml\jackson\core\jackson-databind\2.7.2\jackson-databind-2.7.2.jar;C:\Users\lenovo\.m2\repository\com\fasterxml\jackson\core\jackson-annotations\2.7.2\jackson-annotations-2.7.2.jar;C:\Users\lenovo\.m2\repository\io\springfox\springfox-swagger2\2.5.0\springfox-swagger2-2.5.0.jar;C:\Users\lenovo\.m2\repository\io\springfox\springfox-swagger-ui\2.5.0\springfox-swagger-ui-2.5.0.jar;C:\Users\lenovo\.m2\repository\io\springfox\springfox-staticdocs\2.5.0\springfox-staticdocs-2.5.0.jar;C:\Users\lenovo\.m2\repository\org\modelmapper\modelmapper\0.7.5\modelmapper-0.7.5.jar;C:\Users\lenovo\.m2\repository\log4j\log4j\1.2.17\log4j-1.2.17.jar;C:\Users\lenovo\.m2\repository\org\slf4j\slf4j-api\1.7.21\slf4j-api-1.7.21.jar;C:\Users\lenovo\.m2\repository\org\slf4j\jcl-over-slf4j\1.7.21\jcl-over-slf4j-1.7.21.jar;C:\Users\lenovo\.m2\repository\org\slf4j\slf4j-log4j12\1.7.21\slf4j-log4j12-1.7.21.jar;C:\Users\lenovo\.m2\repository\org\apache\commons\commons-lang3\3.3.2\commons-lang3-3.3.2.jar;C:\Users\lenovo\.m2\repository\commons-codec\commons-codec\1.10\commons-codec-1.10.jar;C:\Users\lenovo\.m2\repository\commons-io\commons-io\2.4\commons-io-2.4.jar;C:\Users\lenovo\.m2\repository\commons-dbcp\commons-dbcp\1.4\commons-dbcp-1.4.jar;C:\Users\lenovo\.m2\repository\org\apache\httpcomponents\httpclient\4.5.2\httpclient-4.5.2.jar;C:\Users\lenovo\.m2\repository\org\webjars\bootstrap\3.3.6\bootstrap-3.3.6.jar;C:\Users\lenovo\.m2\repository\org\webjars\angularjs\1.3.14\angularjs-1.3.14.jar;C:\Users\lenovo\.m2\repository\org\webjars\angular-ui-bootstrap\0.12.1-1\angular-ui-bootstrap-0.12.1-1.jar;C:\Users\lenovo\.m2\repository\org\webjars\jquery\2.1.3\jquery-2.1.3.jar;C:\Users\lenovo\.m2\repository\org\webjars\bootstrap-material-design\0.3.0\bootstrap-material-design-0.3.0.jar;C:\Users\lenovo\.m2\repository\org\springframework\spring-test\4.2.8.RELEASE\spring-test-4.2.8.RELEASE.jar;C:\Users\lenovo\.m2\repository\junit\junit\4.12\junit-4.12.jar;C:\Users\lenovo\.m2\repository\org\hamcrest\hamcrest-all\1.3\hamcrest-all-1.3.jar;C:\Users\lenovo\.m2\repository\org\mockito\mockito-core\1.10.19\mockito-core-1.10.19.jar;C:\Users\lenovo\.m2\repository\com\jayway\jsonpath\json-path\2.0.0\json-path-2.0.0.jar;C:\Users\lenovo\.m2\repository\com\h2database\h2\1.4.192\h2-1.4.192.jar;C:\Users\lenovo\.m2\repository\org\springframework\spring-jdbc\4.2.8.RELEASE\spring-jdbc-4.2.8.RELEASE.jar;C:\Users\lenovo\.m2\repository\org\springframework\spring-expression\4.2.8.RELEASE\spring-expression-4.2.8.RELEASE.jar;C:\Users\lenovo\.m2\repository\aopalliance\aopalliance\1.0\aopalliance-1.0.jar;C:\Users\lenovo\.m2\repository\org\jboss\logging\jboss-logging\3.3.0.Final\jboss-logging-3.3.0.Final.jar;C:\Users\lenovo\.m2\repository\org\jboss\logging\jboss-logging-annotations\1.2.0.Beta1\jboss-logging-annotations-1.2.0.Beta1.jar;C:\Users\lenovo\.m2\repository\org\jboss\spec\javax\transaction\jboss-transaction-api_1.2_spec\1.0.0.Final\jboss-transaction-api_1.2_spec-1.0.0.Final.jar;C:\Users\lenovo\.m2\repository\dom4j\dom4j\1.6.1\dom4j-1.6.1.jar;C:\Users\lenovo\.m2\repository\xml-apis\xml-apis\1.0.b2\xml-apis-1.0.b2.jar;C:\Users\lenovo\.m2\repository\org\hibernate\common\hibernate-commons-annotations\4.0.5.Final\hibernate-commons-annotations-4.0.5.Final.jar;C:\Users\lenovo\.m2\repository\org\javassist\javassist\3.18.1-GA\javassist-3.18.1-GA.jar;C:\Users\lenovo\.m2\repository\antlr\antlr\2.7.7\antlr-2.7.7.jar;C:\Users\lenovo\.m2\repository\org\jboss\jandex\1.1.0.Final\jandex-1.1.0.Final.jar;C:\Users\lenovo\.m2\repository\com\fasterxml\classmate\1.1.0\classmate-1.1.0.jar;C:\Users\lenovo\.m2\repository\io\swagger\swagger-annotations\1.5.9\swagger-annotations-1.5.9.jar;C:\Users\lenovo\.m2\repository\io\swagger\swagger-models\1.5.9\swagger-models-1.5.9.jar;C:\Users\lenovo\.m2\repository\io\springfox\springfox-spi\2.5.0\springfox-spi-2.5.0.jar;C:\Users\lenovo\.m2\repository\io\springfox\springfox-core\2.5.0\springfox-core-2.5.0.jar;C:\Users\lenovo\.m2\repository\io\springfox\springfox-schema\2.5.0\springfox-schema-2.5.0.jar;C:\Users\lenovo\.m2\repository\io\springfox\springfox-swagger-common\2.5.0\springfox-swagger-common-2.5.0.jar;C:\Users\lenovo\.m2\repository\io\springfox\springfox-spring-web\2.5.0\springfox-spring-web-2.5.0.jar;C:\Users\lenovo\.m2\repository\com\google\guava\guava\17.0\guava-17.0.jar;C:\Users\lenovo\.m2\repository\org\springframework\plugin\spring-plugin-core\1.2.0.RELEASE\spring-plugin-core-1.2.0.RELEASE.jar;C:\Users\lenovo\.m2\repository\org\springframework\plugin\spring-plugin-metadata\1.2.0.RELEASE\spring-plugin-metadata-1.2.0.RELEASE.jar;C:\Users\lenovo\.m2\repository\org\mapstruct\mapstruct\1.0.0.Final\mapstruct-1.0.0.Final.jar;C:\Users\lenovo\.m2\repository\commons-pool\commons-pool\1.6\commons-pool-1.6.jar;C:\Users\lenovo\.m2\repository\org\apache\httpcomponents\httpcore\4.4.5\httpcore-4.4.5.jar;C:\Soapui\angularjs-springmvc-sample\target\classes
-aspectpath
C:\Users\lenovo\.m2\repository\org\springframework\spring-aspects\4.2.8.RELEASE\spring-aspects-4.2.8.RELEASE.jar
-d
C:\Soapui\angularjs-springmvc-sample\target\classes
C:\Soapui\angularjs-springmvc-sample\src\main\java\com\hantsylabs\restexample\springmvc\api\PingController.java
C:\Soapui\angularjs-springmvc-sample\src\main\java\com\hantsylabs\restexample\springmvc\api\post\CommentController.java
C:\Soapui\angularjs-springmvc-sample\src\main\java\com\hantsylabs\restexample\springmvc\api\post\PostController.java
C:\Soapui\angularjs-springmvc-sample\src\main\java\com\hantsylabs\restexample\springmvc\api\RestExceptionHandler.java
C:\Soapui\angularjs-springmvc-sample\src\main\java\com\hantsylabs\restexample\springmvc\api\UserController.java
C:\Soapui\angularjs-springmvc-sample\src\main\java\com\hantsylabs\restexample\springmvc\ApiErrors.java
C:\Soapui\angularjs-springmvc-sample\src\main\java\com\hantsylabs\restexample\springmvc\config\AppConfig.java
C:\Soapui\angularjs-springmvc-sample\src\main\java\com\hantsylabs\restexample\springmvc\config\AppInitializer.java
C:\Soapui\angularjs-springmvc-sample\src\main\java\com\hantsylabs\restexample\springmvc\config\DataJpaConfig.java
C:\Soapui\angularjs-springmvc-sample\src\main\java\com\hantsylabs\restexample\springmvc\config\DataSourceConfig.java
C:\Soapui\angularjs-springmvc-sample\src\main\java\com\hantsylabs\restexample\springmvc\config\Jackson2ObjectMapperConfig.java
C:\Soapui\angularjs-springmvc-sample\src\main\java\com\hantsylabs\restexample\springmvc\config\JpaConfig.java
C:\Soapui\angularjs-springmvc-sample\src\main\java\com\hantsylabs\restexample\springmvc\config\MessageSourceConfig.java
C:\Soapui\angularjs-springmvc-sample\src\main\java\com\hantsylabs\restexample\springmvc\config\SecurityConfig.java
C:\Soapui\angularjs-springmvc-sample\src\main\java\com\hantsylabs\restexample\springmvc\config\SecurityInitializer.java
C:\Soapui\angularjs-springmvc-sample\src\main\java\com\hantsylabs\restexample\springmvc\config\SwaggerConfig.java
C:\Soapui\angularjs-springmvc-sample\src\main\java\com\hantsylabs\restexample\springmvc\config\WebConfig.java
C:\Soapui\angularjs-springmvc-sample\src\main\java\com\hantsylabs\restexample\springmvc\Constants.java
C:\Soapui\angularjs-springmvc-sample\src\main\java\com\hantsylabs\restexample\springmvc\domain\Comment.java
C:\Soapui\angularjs-springmvc-sample\src\main\java\com\hantsylabs\restexample\springmvc\domain\Post.java
C:\Soapui\angularjs-springmvc-sample\src\main\java\com\hantsylabs\restexample\springmvc\DTOUtils.java
C:\Soapui\angularjs-springmvc-sample\src\main\java\com\hantsylabs\restexample\springmvc\exception\InvalidRequestException.java
C:\Soapui\angularjs-springmvc-sample\src\main\java\com\hantsylabs\restexample\springmvc\exception\ResourceNotFoundException.java
C:\Soapui\angularjs-springmvc-sample\src\main\java\com\hantsylabs\restexample\springmvc\model\CommentDetails.java
C:\Soapui\angularjs-springmvc-sample\src\main\java\com\hantsylabs\restexample\springmvc\model\CommentForm.java
C:\Soapui\angularjs-springmvc-sample\src\main\java\com\hantsylabs\restexample\springmvc\model\PostDetails.java
C:\Soapui\angularjs-springmvc-sample\src\main\java\com\hantsylabs\restexample\springmvc\model\PostForm.java
C:\Soapui\angularjs-springmvc-sample\src\main\java\com\hantsylabs\restexample\springmvc\model\ResponseMessage.java
C:\Soapui\angularjs-springmvc-sample\src\main\java\com\hantsylabs\restexample\springmvc\repository\CommentRepository.java
C:\Soapui\angularjs-springmvc-sample\src\main\java\com\hantsylabs\restexample\springmvc\repository\PostRepository.java
C:\Soapui\angularjs-springmvc-sample\src\main\java\com\hantsylabs\restexample\springmvc\repository\PostSpecifications.java
C:\Soapui\angularjs-springmvc-sample\src\main\java\com\hantsylabs\restexample\springmvc\service\BlogService.java
C:\Soapui\angularjs-springmvc-sample\target\generated-sources\java\com\hantsylabs\restexample\springmvc\domain\Comment_.java
C:\Soapui\angularjs-springmvc-sample\target\generated-sources\java\com\hantsylabs\restexample\springmvc\domain\Post_.java
